<?xml version="1.0" encoding="UTF-8"?>
<!-- Generated by org.testng.reporters.JUnitReportReporter -->
<testsuite skipped="0" hostname="DESKTOP-6AGH14P" name="Maven.MAVENPROJECT.ExcelTestNGDataprovider" tests="3" failures="0" timestamp="27 Nov 2022 06:16:52 GMT" time="0.007" errors="0">
  <testcase name="test" time="0.001" classname="Maven.MAVENPROJECT.ExcelTestNGDataprovider"/>
  <testcase name="test" time="0.001" classname="Maven.MAVENPROJECT.ExcelTestNGDataprovider"/>
  <testcase name="test" time="0.005" classname="Maven.MAVENPROJECT.ExcelTestNGDataprovider"/>
</testsuite> <!-- Maven.MAVENPROJECT.ExcelTestNGDataprovider -->
