<?xml version="1.0" encoding="UTF-8"?>
<!-- Generated by org.testng.reporters.JUnitReportReporter -->
<testsuite skipped="0" hostname="DESKTOP-6AGH14P" name="Maven.MAVENPROJECT.Example" tests="1" failures="0" timestamp="23 Nov 2022 12:09:12 GMT" time="6.289" errors="0">
  <testcase name="set" time="6.289" classname="Maven.MAVENPROJECT.Example"/>
</testsuite> <!-- Maven.MAVENPROJECT.Example -->
